CRITICAL - 2022-01-30 23:21:49 --> Invalid file: welcome_message.php
#0 D:\codeigniter4-CodeIgniter4-70d881c\system\View\View.php(198): CodeIgniter\Exceptions\FrameworkException::forInvalidFile('welcome_message...')
#1 D:\codeigniter4-CodeIgniter4-70d881c\system\Common.php(1089): CodeIgniter\View\View->render('welcome_message', Array, true)
#2 D:\codeigniter4-CodeIgniter4-70d881c\app\Controllers\Home.php(9): view('welcome_message')
#3 D:\codeigniter4-CodeIgniter4-70d881c\system\CodeIgniter.php(825): App\Controllers\Home->index()
#4 D:\codeigniter4-CodeIgniter4-70d881c\system\CodeIgniter.php(412): CodeIgniter\CodeIgniter->runController(Object(App\Controllers\Home))
#5 D:\codeigniter4-CodeIgniter4-70d881c\system\CodeIgniter.php(320): CodeIgniter\CodeIgniter->handleRequest(NULL, Object(Config\Cache), false)
#6 D:\codeigniter4-CodeIgniter4-70d881c\public\index.php(37): CodeIgniter\CodeIgniter->run()
#7 D:\codeigniter4-CodeIgniter4-70d881c\system\Commands\Server\rewrite.php(43): require_once('D:\\codeigniter4...')
#8 {main}
CRITICAL - 2022-01-30 23:22:23 --> Invalid file: login.php
#0 D:\codeigniter4-CodeIgniter4-70d881c\system\View\View.php(198): CodeIgniter\Exceptions\FrameworkException::forInvalidFile('login.php')
#1 D:\codeigniter4-CodeIgniter4-70d881c\system\Common.php(1089): CodeIgniter\View\View->render('login', Array, true)
#2 D:\codeigniter4-CodeIgniter4-70d881c\app\Controllers\Home.php(9): view('login')
#3 D:\codeigniter4-CodeIgniter4-70d881c\system\CodeIgniter.php(825): App\Controllers\Home->index()
#4 D:\codeigniter4-CodeIgniter4-70d881c\system\CodeIgniter.php(412): CodeIgniter\CodeIgniter->runController(Object(App\Controllers\Home))
#5 D:\codeigniter4-CodeIgniter4-70d881c\system\CodeIgniter.php(320): CodeIgniter\CodeIgniter->handleRequest(NULL, Object(Config\Cache), false)
#6 D:\codeigniter4-CodeIgniter4-70d881c\public\index.php(37): CodeIgniter\CodeIgniter->run()
#7 D:\codeigniter4-CodeIgniter4-70d881c\system\Commands\Server\rewrite.php(43): require_once('D:\\codeigniter4...')
#8 {main}
