CRITICAL - 2022-02-08 19:24:28 --> Invalid argument supplied for foreach()
#0 D:\codeigniter4-CodeIgniter4-70d881c\app\Views\catatan_perjalanan.php(26): CodeIgniter\Debug\Exceptions->errorHandler(2, 'Invalid argumen...', 'D:\\codeigniter4...', 26, Array)
#1 D:\codeigniter4-CodeIgniter4-70d881c\system\View\View.php(210): include('D:\\codeigniter4...')
#2 D:\codeigniter4-CodeIgniter4-70d881c\system\View\View.php(213): CodeIgniter\View\View->CodeIgniter\View\{closure}()
#3 D:\codeigniter4-CodeIgniter4-70d881c\system\Common.php(1089): CodeIgniter\View\View->render('catatan_perjala...', Array, true)
#4 D:\codeigniter4-CodeIgniter4-70d881c\app\Controllers\catatanperjalanan.php(28): view('catatan_perjala...', Array)
#5 D:\codeigniter4-CodeIgniter4-70d881c\system\CodeIgniter.php(825): App\Controllers\CatatanPerjalanan->index()
#6 D:\codeigniter4-CodeIgniter4-70d881c\system\CodeIgniter.php(412): CodeIgniter\CodeIgniter->runController(Object(App\Controllers\CatatanPerjalanan))
#7 D:\codeigniter4-CodeIgniter4-70d881c\system\CodeIgniter.php(320): CodeIgniter\CodeIgniter->handleRequest(NULL, Object(Config\Cache), false)
#8 D:\codeigniter4-CodeIgniter4-70d881c\public\index.php(37): CodeIgniter\CodeIgniter->run()
#9 D:\codeigniter4-CodeIgniter4-70d881c\system\Commands\Server\rewrite.php(43): require_once('D:\\codeigniter4...')
#10 {main}
CRITICAL - 2022-02-08 19:25:10 --> Invalid argument supplied for foreach()
#0 D:\codeigniter4-CodeIgniter4-70d881c\app\Views\catatan_perjalanan.php(26): CodeIgniter\Debug\Exceptions->errorHandler(2, 'Invalid argumen...', 'D:\\codeigniter4...', 26, Array)
#1 D:\codeigniter4-CodeIgniter4-70d881c\system\View\View.php(210): include('D:\\codeigniter4...')
#2 D:\codeigniter4-CodeIgniter4-70d881c\system\View\View.php(213): CodeIgniter\View\View->CodeIgniter\View\{closure}()
#3 D:\codeigniter4-CodeIgniter4-70d881c\system\Common.php(1089): CodeIgniter\View\View->render('catatan_perjala...', Array, true)
#4 D:\codeigniter4-CodeIgniter4-70d881c\app\Controllers\catatanperjalanan.php(28): view('catatan_perjala...', Array)
#5 D:\codeigniter4-CodeIgniter4-70d881c\system\CodeIgniter.php(825): App\Controllers\CatatanPerjalanan->index()
#6 D:\codeigniter4-CodeIgniter4-70d881c\system\CodeIgniter.php(412): CodeIgniter\CodeIgniter->runController(Object(App\Controllers\CatatanPerjalanan))
#7 D:\codeigniter4-CodeIgniter4-70d881c\system\CodeIgniter.php(320): CodeIgniter\CodeIgniter->handleRequest(NULL, Object(Config\Cache), false)
#8 D:\codeigniter4-CodeIgniter4-70d881c\public\index.php(37): CodeIgniter\CodeIgniter->run()
#9 D:\codeigniter4-CodeIgniter4-70d881c\system\Commands\Server\rewrite.php(43): require_once('D:\\codeigniter4...')
#10 {main}
CRITICAL - 2022-02-08 19:26:02 --> Invalid argument supplied for foreach()
#0 D:\codeigniter4-CodeIgniter4-70d881c\app\Views\catatan_perjalanan.php(26): CodeIgniter\Debug\Exceptions->errorHandler(2, 'Invalid argumen...', 'D:\\codeigniter4...', 26, Array)
#1 D:\codeigniter4-CodeIgniter4-70d881c\system\View\View.php(210): include('D:\\codeigniter4...')
#2 D:\codeigniter4-CodeIgniter4-70d881c\system\View\View.php(213): CodeIgniter\View\View->CodeIgniter\View\{closure}()
#3 D:\codeigniter4-CodeIgniter4-70d881c\system\Common.php(1089): CodeIgniter\View\View->render('catatan_perjala...', Array, true)
#4 D:\codeigniter4-CodeIgniter4-70d881c\app\Controllers\catatanperjalanan.php(28): view('catatan_perjala...', Array)
#5 D:\codeigniter4-CodeIgniter4-70d881c\system\CodeIgniter.php(825): App\Controllers\CatatanPerjalanan->index()
#6 D:\codeigniter4-CodeIgniter4-70d881c\system\CodeIgniter.php(412): CodeIgniter\CodeIgniter->runController(Object(App\Controllers\CatatanPerjalanan))
#7 D:\codeigniter4-CodeIgniter4-70d881c\system\CodeIgniter.php(320): CodeIgniter\CodeIgniter->handleRequest(NULL, Object(Config\Cache), false)
#8 D:\codeigniter4-CodeIgniter4-70d881c\public\index.php(37): CodeIgniter\CodeIgniter->run()
#9 D:\codeigniter4-CodeIgniter4-70d881c\system\Commands\Server\rewrite.php(43): require_once('D:\\codeigniter4...')
#10 {main}
CRITICAL - 2022-02-08 19:26:52 --> Invalid argument supplied for foreach()
#0 D:\codeigniter4-CodeIgniter4-70d881c\app\Views\catatan_perjalanan.php(26): CodeIgniter\Debug\Exceptions->errorHandler(2, 'Invalid argumen...', 'D:\\codeigniter4...', 26, Array)
#1 D:\codeigniter4-CodeIgniter4-70d881c\system\View\View.php(210): include('D:\\codeigniter4...')
#2 D:\codeigniter4-CodeIgniter4-70d881c\system\View\View.php(213): CodeIgniter\View\View->CodeIgniter\View\{closure}()
#3 D:\codeigniter4-CodeIgniter4-70d881c\system\Common.php(1089): CodeIgniter\View\View->render('catatan_perjala...', Array, true)
#4 D:\codeigniter4-CodeIgniter4-70d881c\app\Controllers\catatanperjalanan.php(28): view('catatan_perjala...', Array)
#5 D:\codeigniter4-CodeIgniter4-70d881c\system\CodeIgniter.php(825): App\Controllers\CatatanPerjalanan->index()
#6 D:\codeigniter4-CodeIgniter4-70d881c\system\CodeIgniter.php(412): CodeIgniter\CodeIgniter->runController(Object(App\Controllers\CatatanPerjalanan))
#7 D:\codeigniter4-CodeIgniter4-70d881c\system\CodeIgniter.php(320): CodeIgniter\CodeIgniter->handleRequest(NULL, Object(Config\Cache), false)
#8 D:\codeigniter4-CodeIgniter4-70d881c\public\index.php(37): CodeIgniter\CodeIgniter->run()
#9 D:\codeigniter4-CodeIgniter4-70d881c\system\Commands\Server\rewrite.php(43): require_once('D:\\codeigniter4...')
#10 {main}
CRITICAL - 2022-02-08 19:27:25 --> Invalid argument supplied for foreach()
#0 D:\codeigniter4-CodeIgniter4-70d881c\app\Views\catatan_perjalanan.php(26): CodeIgniter\Debug\Exceptions->errorHandler(2, 'Invalid argumen...', 'D:\\codeigniter4...', 26, Array)
#1 D:\codeigniter4-CodeIgniter4-70d881c\system\View\View.php(210): include('D:\\codeigniter4...')
#2 D:\codeigniter4-CodeIgniter4-70d881c\system\View\View.php(213): CodeIgniter\View\View->CodeIgniter\View\{closure}()
#3 D:\codeigniter4-CodeIgniter4-70d881c\system\Common.php(1089): CodeIgniter\View\View->render('catatan_perjala...', Array, true)
#4 D:\codeigniter4-CodeIgniter4-70d881c\app\Controllers\catatanperjalanan.php(28): view('catatan_perjala...', Array)
#5 D:\codeigniter4-CodeIgniter4-70d881c\system\CodeIgniter.php(825): App\Controllers\CatatanPerjalanan->index()
#6 D:\codeigniter4-CodeIgniter4-70d881c\system\CodeIgniter.php(412): CodeIgniter\CodeIgniter->runController(Object(App\Controllers\CatatanPerjalanan))
#7 D:\codeigniter4-CodeIgniter4-70d881c\system\CodeIgniter.php(320): CodeIgniter\CodeIgniter->handleRequest(NULL, Object(Config\Cache), false)
#8 D:\codeigniter4-CodeIgniter4-70d881c\public\index.php(37): CodeIgniter\CodeIgniter->run()
#9 D:\codeigniter4-CodeIgniter4-70d881c\system\Commands\Server\rewrite.php(43): require_once('D:\\codeigniter4...')
#10 {main}
CRITICAL - 2022-02-08 19:28:47 --> Invalid argument supplied for foreach()
#0 D:\codeigniter4-CodeIgniter4-70d881c\app\Views\catatan_perjalanan.php(26): CodeIgniter\Debug\Exceptions->errorHandler(2, 'Invalid argumen...', 'D:\\codeigniter4...', 26, Array)
#1 D:\codeigniter4-CodeIgniter4-70d881c\system\View\View.php(210): include('D:\\codeigniter4...')
#2 D:\codeigniter4-CodeIgniter4-70d881c\system\View\View.php(213): CodeIgniter\View\View->CodeIgniter\View\{closure}()
#3 D:\codeigniter4-CodeIgniter4-70d881c\system\Common.php(1089): CodeIgniter\View\View->render('catatan_perjala...', Array, true)
#4 D:\codeigniter4-CodeIgniter4-70d881c\app\Controllers\catatanperjalanan.php(28): view('catatan_perjala...', Array)
#5 D:\codeigniter4-CodeIgniter4-70d881c\system\CodeIgniter.php(825): App\Controllers\CatatanPerjalanan->index()
#6 D:\codeigniter4-CodeIgniter4-70d881c\system\CodeIgniter.php(412): CodeIgniter\CodeIgniter->runController(Object(App\Controllers\CatatanPerjalanan))
#7 D:\codeigniter4-CodeIgniter4-70d881c\system\CodeIgniter.php(320): CodeIgniter\CodeIgniter->handleRequest(NULL, Object(Config\Cache), false)
#8 D:\codeigniter4-CodeIgniter4-70d881c\public\index.php(37): CodeIgniter\CodeIgniter->run()
#9 D:\codeigniter4-CodeIgniter4-70d881c\system\Commands\Server\rewrite.php(43): require_once('D:\\codeigniter4...')
#10 {main}
CRITICAL - 2022-02-08 19:30:43 --> Invalid argument supplied for foreach()
#0 D:\codeigniter4-CodeIgniter4-70d881c\app\Views\catatan_perjalanan.php(26): CodeIgniter\Debug\Exceptions->errorHandler(2, 'Invalid argumen...', 'D:\\codeigniter4...', 26, Array)
#1 D:\codeigniter4-CodeIgniter4-70d881c\system\View\View.php(210): include('D:\\codeigniter4...')
#2 D:\codeigniter4-CodeIgniter4-70d881c\system\View\View.php(213): CodeIgniter\View\View->CodeIgniter\View\{closure}()
#3 D:\codeigniter4-CodeIgniter4-70d881c\system\Common.php(1089): CodeIgniter\View\View->render('catatan_perjala...', Array, true)
#4 D:\codeigniter4-CodeIgniter4-70d881c\app\Controllers\catatanperjalanan.php(28): view('catatan_perjala...', Array)
#5 D:\codeigniter4-CodeIgniter4-70d881c\system\CodeIgniter.php(825): App\Controllers\CatatanPerjalanan->index()
#6 D:\codeigniter4-CodeIgniter4-70d881c\system\CodeIgniter.php(412): CodeIgniter\CodeIgniter->runController(Object(App\Controllers\CatatanPerjalanan))
#7 D:\codeigniter4-CodeIgniter4-70d881c\system\CodeIgniter.php(320): CodeIgniter\CodeIgniter->handleRequest(NULL, Object(Config\Cache), false)
#8 D:\codeigniter4-CodeIgniter4-70d881c\public\index.php(37): CodeIgniter\CodeIgniter->run()
#9 D:\codeigniter4-CodeIgniter4-70d881c\system\Commands\Server\rewrite.php(43): require_once('D:\\codeigniter4...')
#10 {main}
